app/build/intermediates/manifest_merge_blame_file/debug/manifest-merger-blame-debug-report.txt
1<?xml version="1.0" encoding="utf-8"?>
2<manifest xmlns:android="http://schemas.android.com/apk/res/android"
3    package="com.example.surtidointentimpl"
4    android:versionCode="1"
5    android:versionName="1.0" >
6
7    <uses-sdk
8        android:minSdkVersion="23"
8-->src/main/AndroidManifest.xml
9        android:targetSdkVersion="29" />
9-->src/main/AndroidManifest.xml
10
11    <uses-permission android:name="android.permission.READ_CONTACTS" />
11-->src/main/AndroidManifest.xml:7:5-72
11-->src/main/AndroidManifest.xml:7:22-69
12    <uses-permission android:name="android.permission.CALL_PHONE" />
12-->src/main/AndroidManifest.xml:8:5-69
12-->src/main/AndroidManifest.xml:8:22-66
13
14    <application
14-->src/main/AndroidManifest.xml:10:5-25:19
15        android:allowBackup="true"
15-->src/main/AndroidManifest.xml:11:9-35
16        android:appComponentFactory="androidx.core.app.CoreComponentFactory"
16-->[androidx.core:core:1.0.0] AndroidManifest.xml:22:18-86
17        android:debuggable="true"
18        android:extractNativeLibs="false"
19        android:icon="@drawable/ic_launcher"
19-->src/main/AndroidManifest.xml:12:9-45
20        android:label="@string/app_name"
20-->src/main/AndroidManifest.xml:13:9-41
21        android:testOnly="true"
22        android:theme="@style/AppTheme" >
22-->src/main/AndroidManifest.xml:14:9-40
23        <activity
23-->src/main/AndroidManifest.xml:15:9-23:20
24            android:name="com.example.surtidointentimpl.MainActivity"
24-->src/main/AndroidManifest.xml:16:13-70
25            android:label="@string/app_name" >
25-->src/main/AndroidManifest.xml:17:13-45
26            <intent-filter>
26-->src/main/AndroidManifest.xml:18:13-22:29
27                <action android:name="android.intent.action.MAIN" />
27-->src/main/AndroidManifest.xml:19:17-69
27-->src/main/AndroidManifest.xml:19:25-66
28                <action android:name="android.intent.action.VIEW" />
28-->src/main/AndroidManifest.xml:20:17-69
28-->src/main/AndroidManifest.xml:20:25-66
29
30                <category android:name="android.intent.category.LAUNCHER" />
30-->src/main/AndroidManifest.xml:21:17-77
30-->src/main/AndroidManifest.xml:21:27-74
31            </intent-filter>
32        </activity>
33    </application>
34
35</manifest>